<?xml version="1.0" encoding="UTF-8"?>
<testsuite name="moe.knox.factorio_api_parser.LuaApiParserTest" tests="1" skipped="0" failures="1" errors="0" timestamp="2020-08-09T22:28:31" hostname="knox-Lenovo-Y50-70" time="0.194">
  <properties/>
  <testcase name="parseClass()" classname="moe.knox.factorio_api_parser.LuaApiParserTest" time="0.194">
    <failure message="org.opentest4j.AssertionFailedError: expected: &lt;{LuaControl=moe.knox.factorio_api_parser.LuaApiParserTest$1$1@58d20ac9, LuaControl_walking_state=moe.knox.factorio_api_parser.LuaApiParserTest$1$3@c031045, LuaControl_begin_crafting=moe.knox.factorio_api_parser.LuaApiParserTest$1$5@d050a5d0, LuaControl_set_gui_arrow=moe.knox.factorio_api_parser.LuaApiParserTest$1$4@354bd5ca, LuaControl_crafting_queue=moe.knox.factorio_api_parser.LuaApiParserTest$1$2@95fdf9b4}&gt; but was: &lt;{LuaControl=moe.knox.factorio_api_parser.lua_types.Class@f22a3343, LuaControl_walking_state=moe.knox.factorio_api_parser.lua_types.Class@c031045, LuaControl_begin_crafting=moe.knox.factorio_api_parser.lua_types.Class@d050a5d0, LuaControl_set_gui_arrow=moe.knox.factorio_api_parser.lua_types.Class@ae812a48, LuaControl_crafting_queue=moe.knox.factorio_api_parser.lua_types.Class@95fdf9b4}&gt;" type="org.opentest4j.AssertionFailedError">org.opentest4j.AssertionFailedError: expected: &lt;{LuaControl=moe.knox.factorio_api_parser.LuaApiParserTest$1$1@58d20ac9, LuaControl_walking_state=moe.knox.factorio_api_parser.LuaApiParserTest$1$3@c031045, LuaControl_begin_crafting=moe.knox.factorio_api_parser.LuaApiParserTest$1$5@d050a5d0, LuaControl_set_gui_arrow=moe.knox.factorio_api_parser.LuaApiParserTest$1$4@354bd5ca, LuaControl_crafting_queue=moe.knox.factorio_api_parser.LuaApiParserTest$1$2@95fdf9b4}&gt; but was: &lt;{LuaControl=moe.knox.factorio_api_parser.lua_types.Class@f22a3343, LuaControl_walking_state=moe.knox.factorio_api_parser.lua_types.Class@c031045, LuaControl_begin_crafting=moe.knox.factorio_api_parser.lua_types.Class@d050a5d0, LuaControl_set_gui_arrow=moe.knox.factorio_api_parser.lua_types.Class@ae812a48, LuaControl_crafting_queue=moe.knox.factorio_api_parser.lua_types.Class@95fdf9b4}&gt;
	at org.junit.jupiter.api.AssertionUtils.fail(AssertionUtils.java:55)
	at org.junit.jupiter.api.AssertionUtils.failNotEqual(AssertionUtils.java:62)
	at org.junit.jupiter.api.AssertEquals.assertEquals(AssertEquals.java:182)
	at org.junit.jupiter.api.AssertEquals.assertEquals(AssertEquals.java:177)
	at org.junit.jupiter.api.Assertions.assertEquals(Assertions.java:1124)
	at moe.knox.factorio_api_parser.LuaApiParserTest.parseClass(LuaApiParserTest.java:382)
	at java.base/jdk.internal.reflect.NativeMethodAccessorImpl.invoke0(Native Method)
	at java.base/jdk.internal.reflect.NativeMethodAccessorImpl.invoke(NativeMethodAccessorImpl.java:62)
	at java.base/jdk.internal.reflect.DelegatingMethodAccessorImpl.invoke(DelegatingMethodAccessorImpl.java:43)
	at java.base/java.lang.reflect.Method.invoke(Method.java:566)
	at org.junit.platform.commons.util.ReflectionUtils.invokeMethod(ReflectionUtils.java:686)
	at org.junit.jupiter.engine.execution.MethodInvocation.proceed(MethodInvocation.java:60)
	at org.junit.jupiter.engine.execution.InvocationInterceptorChain$ValidatingInvocation.proceed(InvocationInterceptorChain.java:131)
	at org.junit.jupiter.engine.extension.TimeoutExtension.intercept(TimeoutExtension.java:149)
	at org.junit.jupiter.engine.extension.TimeoutExtension.interceptTestableMethod(TimeoutExtension.java:140)
	at org.junit.jupiter.engine.extension.TimeoutExtension.interceptTestMethod(TimeoutExtension.java:84)
	at org.junit.jupiter.engine.execution.ExecutableInvoker$ReflectiveInterceptorCall.lambda$ofVoidMethod$0(ExecutableInvoker.java:115)
	at org.junit.jupiter.engine.execution.ExecutableInvoker.lambda$invoke$0(ExecutableInvoker.java:105)
	at org.junit.jupiter.engine.execution.InvocationInterceptorChain$InterceptedInvocation.proceed(InvocationInterceptorChain.java:106)
	at org.junit.jupiter.engine.execution.InvocationInterceptorChain.proceed(InvocationInterceptorChain.java:64)
	at org.junit.jupiter.engine.execution.InvocationInterceptorChain.chainAndInvoke(InvocationInterceptorChain.java:45)
	at org.junit.jupiter.engine.execution.InvocationInterceptorChain.invoke(InvocationInterceptorChain.java:37)
	at org.junit.jupiter.engine.execution.ExecutableInvoker.invoke(ExecutableInvoker.java:104)
	at org.junit.jupiter.engine.execution.ExecutableInvoker.invoke(ExecutableInvoker.java:98)
	at org.junit.jupiter.engine.descriptor.TestMethodTestDescriptor.lambda$invokeTestMethod$6(TestMethodTestDescriptor.java:212)
	at org.junit.platform.engine.support.hierarchical.ThrowableCollector.execute(ThrowableCollector.java:73)
	at org.junit.jupiter.engine.descriptor.TestMethodTestDescriptor.invokeTestMethod(TestMethodTestDescriptor.java:208)
	at org.junit.jupiter.engine.descriptor.TestMethodTestDescriptor.execute(TestMethodTestDescriptor.java:137)
	at org.junit.jupiter.engine.descriptor.TestMethodTestDescriptor.execute(TestMethodTestDescriptor.java:71)
	at org.junit.platform.engine.support.hierarchical.NodeTestTask.lambda$executeRecursively$5(NodeTestTask.java:135)
	at org.junit.platform.engine.support.hierarchical.ThrowableCollector.execute(ThrowableCollector.java:73)
	at org.junit.platform.engine.support.hierarchical.NodeTestTask.lambda$executeRecursively$7(NodeTestTask.java:125)
	at org.junit.platform.engine.support.hierarchical.Node.around(Node.java:135)
	at org.junit.platform.engine.support.hierarchical.NodeTestTask.lambda$executeRecursively$8(NodeTestTask.java:123)
	at org.junit.platform.engine.support.hierarchical.ThrowableCollector.execute(ThrowableCollector.java:73)
	at org.junit.platform.engine.support.hierarchical.NodeTestTask.executeRecursively(NodeTestTask.java:122)
	at org.junit.platform.engine.support.hierarchical.NodeTestTask.execute(NodeTestTask.java:80)
	at java.base/java.util.ArrayList.forEach(ArrayList.java:1541)
	at org.junit.platform.engine.support.hierarchical.SameThreadHierarchicalTestExecutorService.invokeAll(SameThreadHierarchicalTestExecutorService.java:38)
	at org.junit.platform.engine.support.hierarchical.NodeTestTask.lambda$executeRecursively$5(NodeTestTask.java:139)
	at org.junit.platform.engine.support.hierarchical.ThrowableCollector.execute(ThrowableCollector.java:73)
	at org.junit.platform.engine.support.hierarchical.NodeTestTask.lambda$executeRecursively$7(NodeTestTask.java:125)
	at org.junit.platform.engine.support.hierarchical.Node.around(Node.java:135)
	at org.junit.platform.engine.support.hierarchical.NodeTestTask.lambda$executeRecursively$8(NodeTestTask.java:123)
	at org.junit.platform.engine.support.hierarchical.ThrowableCollector.execute(ThrowableCollector.java:73)
	at org.junit.platform.engine.support.hierarchical.NodeTestTask.executeRecursively(NodeTestTask.java:122)
	at org.junit.platform.engine.support.hierarchical.NodeTestTask.execute(NodeTestTask.java:80)
	at java.base/java.util.ArrayList.forEach(ArrayList.java:1541)
	at org.junit.platform.engine.support.hierarchical.SameThreadHierarchicalTestExecutorService.invokeAll(SameThreadHierarchicalTestExecutorService.java:38)
	at org.junit.platform.engine.support.hierarchical.NodeTestTask.lambda$executeRecursively$5(NodeTestTask.java:139)
	at org.junit.platform.engine.support.hierarchical.ThrowableCollector.execute(ThrowableCollector.java:73)
	at org.junit.platform.engine.support.hierarchical.NodeTestTask.lambda$executeRecursively$7(NodeTestTask.java:125)
	at org.junit.platform.engine.support.hierarchical.Node.around(Node.java:135)
	at org.junit.platform.engine.support.hierarchical.NodeTestTask.lambda$executeRecursively$8(NodeTestTask.java:123)
	at org.junit.platform.engine.support.hierarchical.ThrowableCollector.execute(ThrowableCollector.java:73)
	at org.junit.platform.engine.support.hierarchical.NodeTestTask.executeRecursively(NodeTestTask.java:122)
	at org.junit.platform.engine.support.hierarchical.NodeTestTask.execute(NodeTestTask.java:80)
	at org.junit.platform.engine.support.hierarchical.SameThreadHierarchicalTestExecutorService.submit(SameThreadHierarchicalTestExecutorService.java:32)
	at org.junit.platform.engine.support.hierarchical.HierarchicalTestExecutor.execute(HierarchicalTestExecutor.java:57)
	at org.junit.platform.engine.support.hierarchical.HierarchicalTestEngine.execute(HierarchicalTestEngine.java:51)
	at org.junit.platform.launcher.core.DefaultLauncher.execute(DefaultLauncher.java:220)
	at org.junit.platform.launcher.core.DefaultLauncher.lambda$execute$6(DefaultLauncher.java:188)
	at org.junit.platform.launcher.core.DefaultLauncher.withInterceptedStreams(DefaultLauncher.java:202)
	at org.junit.platform.launcher.core.DefaultLauncher.execute(DefaultLauncher.java:181)
	at org.junit.platform.launcher.core.DefaultLauncher.execute(DefaultLauncher.java:128)
	at org.gradle.api.internal.tasks.testing.junitplatform.JUnitPlatformTestClassProcessor$CollectAllTestClassesExecutor.processAllTestClasses(JUnitPlatformTestClassProcessor.java:102)
	at org.gradle.api.internal.tasks.testing.junitplatform.JUnitPlatformTestClassProcessor$CollectAllTestClassesExecutor.access$000(JUnitPlatformTestClassProcessor.java:82)
	at org.gradle.api.internal.tasks.testing.junitplatform.JUnitPlatformTestClassProcessor.stop(JUnitPlatformTestClassProcessor.java:78)
	at org.gradle.api.internal.tasks.testing.SuiteTestClassProcessor.stop(SuiteTestClassProcessor.java:61)
	at java.base/jdk.internal.reflect.NativeMethodAccessorImpl.invoke0(Native Method)
	at java.base/jdk.internal.reflect.NativeMethodAccessorImpl.invoke(NativeMethodAccessorImpl.java:62)
	at java.base/jdk.internal.reflect.DelegatingMethodAccessorImpl.invoke(DelegatingMethodAccessorImpl.java:43)
	at java.base/java.lang.reflect.Method.invoke(Method.java:566)
	at org.gradle.internal.dispatch.ReflectionDispatch.dispatch(ReflectionDispatch.java:35)
	at org.gradle.internal.dispatch.ReflectionDispatch.dispatch(ReflectionDispatch.java:24)
	at org.gradle.internal.dispatch.ContextClassLoaderDispatch.dispatch(ContextClassLoaderDispatch.java:32)
	at org.gradle.internal.dispatch.ProxyDispatchAdapter$DispatchingInvocationHandler.invoke(ProxyDispatchAdapter.java:93)
	at com.sun.proxy.$Proxy2.stop(Unknown Source)
	at org.gradle.api.internal.tasks.testing.worker.TestWorker.stop(TestWorker.java:132)
	at java.base/jdk.internal.reflect.NativeMethodAccessorImpl.invoke0(Native Method)
	at java.base/jdk.internal.reflect.NativeMethodAccessorImpl.invoke(NativeMethodAccessorImpl.java:62)
	at java.base/jdk.internal.reflect.DelegatingMethodAccessorImpl.invoke(DelegatingMethodAccessorImpl.java:43)
	at java.base/java.lang.reflect.Method.invoke(Method.java:566)
	at org.gradle.internal.dispatch.ReflectionDispatch.dispatch(ReflectionDispatch.java:35)
	at org.gradle.internal.dispatch.ReflectionDispatch.dispatch(ReflectionDispatch.java:24)
	at org.gradle.internal.remote.internal.hub.MessageHubBackedObjectConnection$DispatchWrapper.dispatch(MessageHubBackedObjectConnection.java:175)
	at org.gradle.internal.remote.internal.hub.MessageHubBackedObjectConnection$DispatchWrapper.dispatch(MessageHubBackedObjectConnection.java:157)
	at org.gradle.internal.remote.internal.hub.MessageHub$Handler.run(MessageHub.java:404)
	at org.gradle.internal.concurrent.ExecutorPolicy$CatchAndRecordFailures.onExecute(ExecutorPolicy.java:63)
	at org.gradle.internal.concurrent.ManagedExecutorImpl$1.run(ManagedExecutorImpl.java:46)
	at java.base/java.util.concurrent.ThreadPoolExecutor.runWorker(ThreadPoolExecutor.java:1128)
	at java.base/java.util.concurrent.ThreadPoolExecutor$Worker.run(ThreadPoolExecutor.java:628)
	at org.gradle.internal.concurrent.ThreadFactoryImpl$ManagedThreadRunnable.run(ThreadFactoryImpl.java:55)
	at java.base/java.lang.Thread.run(Thread.java:834)
</failure>
  </testcase>
  <system-out><![CDATA[Method.equals - get_logistic_point - parameters -- {param=moe.knox.factorio_api_parser.LuaApiParserTest$1$1$1$9$1$1@bc2c823f} != {defines.logistic_member_index=moe.knox.factorio_api_parser.lua_types.MethodParameter@536d697a}Class.equals - LuaControl - methods -- {is_player=moe.knox.factorio_api_parser.LuaApiParserTest$1$1$1$8@5a484bcb, set_gui_arrow=moe.knox.factorio_api_parser.LuaApiParserTest$1$1$1$3@a9a370cd, teleport=moe.knox.factorio_api_parser.LuaApiParserTest$1$1$1$5@b9da7416, get_logistic_point=moe.knox.factorio_api_parser.LuaApiParserTest$1$1$1$9@67ae2481, update_selected_entity=moe.knox.factorio_api_parser.LuaApiParserTest$1$1$1$6@8cfaeea7, get_inventory=moe.knox.factorio_api_parser.LuaApiParserTest$1$1$1$1@810afaad, get_main_inventory=moe.knox.factorio_api_parser.LuaApiParserTest$1$1$1$2@8ac0aca9, clear_gui_arrow=moe.knox.factorio_api_parser.LuaApiParserTest$1$1$1$4@9b981d5e, begin_crafting=moe.knox.factorio_api_parser.LuaApiParserTest$1$1$1$7@9e67de48} != {is_player=moe.knox.factorio_api_parser.lua_types.Method@5a484bcb, set_gui_arrow=moe.knox.factorio_api_parser.lua_types.Method@a9a370cd, teleport=moe.knox.factorio_api_parser.lua_types.Method@b9da7416, get_logistic_point=moe.knox.factorio_api_parser.lua_types.Method@9c52443b, update_selected_entity=moe.knox.factorio_api_parser.lua_types.Method@8cfaeea7, get_inventory=moe.knox.factorio_api_parser.lua_types.Method@810afaad, get_main_inventory=moe.knox.factorio_api_parser.lua_types.Method@8ac0aca9, clear_gui_arrow=moe.knox.factorio_api_parser.lua_types.Method@9b981d5e, begin_crafting=moe.knox.factorio_api_parser.lua_types.Method@9e67de48}]]></system-out>
  <system-err><![CDATA[]]></system-err>
</testsuite>
